#
# A fatal error has been detected by the Java Runtime Environment:
#
#  SIGSEGV (0xb) at pc=0x00007fff5fcc3e31, pid=68462, tid=6147
#
# JRE version: Java(TM) SE Runtime Environment (8.0_65-b17) (build 1.8.0_65-b17)
# Java VM: Java HotSpot(TM) 64-Bit Server VM (25.65-b01 mixed mode bsd-amd64 compressed oops)
# Problematic frame:
# C  [libsystem_platform.dylib+0x1e31]  _platform_memmove$VARIANT$Haswell+0x171
#
# Failed to write core dump. Core dumps have been disabled. To enable core dumping, try "ulimit -c unlimited" before starting Java again
#
# If you would like to submit a bug report, please visit:
#   http://bugreport.java.com/bugreport/crash.jsp
# The crash happened outside the Java Virtual Machine in native code.
# See problematic frame for where to report the bug.
#

---------------  T H R E A D  ---------------

Current thread (0x00007f8e0d801800):  JavaThread "main" [_thread_in_native, id=6147, stack(0x0000700001a16000,0x0000700001b16000)]

siginfo: si_signo: 11 (SIGSEGV), si_code: 1 (SEGV_MAPERR), si_addr: 0x000000010d7ce000

Registers:
RAX=0x00007f8e0e13dc00, RBX=0x000000010d7b691c, RCX=0x0000000000000020, RDX=0x00000000000004bb
RSP=0x0000700001b14f60, RBP=0x0000700001b14f60, RSI=0x000000010d7cdfe0, RDI=0x00007f8e0e13fea0
R8 =0x0000000000000000, R9 =0x000000000000801f, R10=0x0000000000000000, R11=0x00007f8d00971ec0
R12=0x00000000781acdfe, R13=0x0000000034dc7bc0, R14=0x00007f8e0e13dc00, R15=0x000000000000279b
RIP=0x00007fff5fcc3e31, EFLAGS=0x0000000000010206, ERR=0x0000000000000004
  TRAPNO=0x000000000000000e

Top of Stack: (sp=0x0000700001b14f60)
0x0000700001b14f60:   0000700001b14fd0 00000001037ed3c0
0x0000700001b14f70:   0000000d01b14fa0 00000000000000f4
0x0000700001b14f80:   000000000000279b 00007f8e0d8e0c00
0x0000700001b14f90:   0000000000005fe9 00007f8e0c52d050
0x0000700001b14fa0:   00007f8e0c411c00 00007f8e0c52d050
0x0000700001b14fb0:   00007f8e0c52d2c0 0000000000000160
0x0000700001b14fc0:   00000000ed123f89 00007f8e0c583530
0x0000700001b14fd0:   0000700001b15030 00000001037ed554
0x0000700001b14fe0:   0000700001b15064 0000700001b15063
0x0000700001b14ff0:   0000001400000000 0000001500801800
0x0000700001b15000:   0000700001b1504e 0000700001b15498
0x0000700001b15010:   0000000000000015 0000700001b1504e
0x0000700001b15020:   00007f8e0c52d050 00007f8e0d8019f8
0x0000700001b15030:   0000700001b15480 00000001037ec34f
0x0000700001b15040:   000000010a0a2770 6f77000000000000
0x0000700001b15050:   616964656d2f6472 2e326567616d692f
0x0000700001b15060:   0000000100666d77 0000000000000009
0x0000700001b15070:   0000000018003609 0000000000000002
0x0000700001b15080:   000000000000000a 0000000000000032
0x0000700001b15090:   0000000000000002 0000700001b15098
0x0000700001b150a0:   0000000109f7a056 0000700001b150f0
0x0000700001b150b0:   000000010a060bf0 0000000000000000
0x0000700001b150c0:   0000000109f7a060 0000000000000000
0x0000700001b150d0:   0000700001b150e8 0000700001b15138
0x0000700001b150e0:   000000010d8a2710 000000000000000a
0x0000700001b150f0:   0000000000000002 0000700001b150f8
0x0000700001b15100:   0000000109f79fba 0000700001b15150
0x0000700001b15110:   000000010a060bf0 0000000000000000
0x0000700001b15120:   0000000109f79fc8 0000000000000000
0x0000700001b15130:   0000700001b15148 0000700001b15198
0x0000700001b15140:   000000010d8a2710 0000000080000001
0x0000700001b15150:   0000000000000002 0000000000000000 

Instructions: (pc=0x00007fff5fcc3e31)
0x00007fff5fcc3e11:   66 2e 0f 1f 84 00 00 00 00 00 0f 1f 44 00 00 c5
0x00007fff5fcc3e21:   fc 29 0f c5 fc 29 57 20 48 83 c7 40 c5 fc 28 0e
0x00007fff5fcc3e31:   c5 fc 28 56 20 48 83 c6 40 48 83 ea 40 77 e0 c5
0x00007fff5fcc3e41:   fc 10 1c 16 c5 fc 10 64 16 20 c5 fc 29 0f c5 f4 

Register to memory mapping:

RAX=0x00007f8e0e13dc00 is an unknown value
RBX=0x000000010d7b691c is an unknown value
RCX=0x0000000000000020 is an unknown value
RDX=0x00000000000004bb is an unknown value
RSP=0x0000700001b14f60 is pointing into the stack for thread: 0x00007f8e0d801800
RBP=0x0000700001b14f60 is pointing into the stack for thread: 0x00007f8e0d801800
RSI=0x000000010d7cdfe0 is an unknown value
RDI=0x00007f8e0e13fea0 is an unknown value
R8 =0x0000000000000000 is an unknown value
R9 =0x000000000000801f is an unknown value
R10=0x0000000000000000 is an unknown value
R11=0x00007f8d00971ec0 is an unknown value
R12=0x00000000781acdfe is an unknown value
R13=0x0000000034dc7bc0 is an unknown value
R14=0x00007f8e0e13dc00 is an unknown value
R15=0x000000000000279b is an unknown value


Stack: [0x0000700001a16000,0x0000700001b16000],  sp=0x0000700001b14f60,  free space=1019k
Native frames: (J=compiled Java code, j=interpreted, Vv=VM code, C=native code)
C  [libsystem_platform.dylib+0x1e31]  _platform_memmove$VARIANT$Haswell+0x171
C  [libzip.dylib+0x33c0]  newEntry+0x65b
C  [libzip.dylib+0x3554]  ZIP_GetEntry2+0xd4
C  [libzip.dylib+0x234f]  Java_java_util_zip_ZipFile_getEntry+0xcf
J 70  java.util.zip.ZipFile.getEntry(J[BZ)J (0 bytes) @ 0x000000010d9ce88e [0x000000010d9ce7c0+0xce]
J 147 C1 java.util.zip.ZipFile.getInputStream(Ljava/util/zip/ZipEntry;)Ljava/io/InputStream; (304 bytes) @ 0x000000010da0ff6c [0x000000010da0fbe0+0x38c]
j  org.apache.poi.openxml4j.util.ZipSecureFile.getInputStream(Ljava/util/zip/ZipEntry;)Ljava/io/InputStream;+2
j  org.apache.poi.openxml4j.util.ZipFileZipEntrySource.getInputStream(Ljava/util/zip/ZipEntry;)Ljava/io/InputStream;+22
j  org.apache.poi.openxml4j.opc.ZipPackagePart.getInputStreamImpl()Ljava/io/InputStream;+14
j  org.apache.poi.openxml4j.opc.PackagePart.getInputStream()Ljava/io/InputStream;+1
j  org.chance.MathMLToLatexUtil.getMath(Lorg/apache/poi/xwpf/usermodel/XWPFRun;Lorg/w3c/dom/Node;)Ljava/lang/String;+169
j  org.chance.MathMLToLatexUtil.test()V+144
j  org.chance.MathMLToLatexUtil.main([Ljava/lang/String;)V+0
v  ~StubRoutines::call_stub
V  [libjvm.dylib+0x2eab02]  JavaCalls::call_helper(JavaValue*, methodHandle*, JavaCallArguments*, Thread*)+0x6ae
V  [libjvm.dylib+0x321814]  jni_invoke_static(JNIEnv_*, JavaValue*, _jobject*, JNICallType, _jmethodID*, JNI_ArgumentPusher*, Thread*)+0x1bf
V  [libjvm.dylib+0x31a58e]  jni_CallStaticVoidMethod+0x15d
C  [java+0x393e]  JavaMain+0x9b1
C  [libsystem_pthread.dylib+0x32eb]  _pthread_body+0x7e
C  [libsystem_pthread.dylib+0x6249]  _pthread_start+0x42
C  [libsystem_pthread.dylib+0x240d]  thread_start+0xd
C  0x0000000000000000

Java frames: (J=compiled Java code, j=interpreted, Vv=VM code)
J 70  java.util.zip.ZipFile.getEntry(J[BZ)J (0 bytes) @ 0x000000010d9ce818 [0x000000010d9ce7c0+0x58]
J 147 C1 java.util.zip.ZipFile.getInputStream(Ljava/util/zip/ZipEntry;)Ljava/io/InputStream; (304 bytes) @ 0x000000010da0ff6c [0x000000010da0fbe0+0x38c]
j  org.apache.poi.openxml4j.util.ZipSecureFile.getInputStream(Ljava/util/zip/ZipEntry;)Ljava/io/InputStream;+2
j  org.apache.poi.openxml4j.util.ZipFileZipEntrySource.getInputStream(Ljava/util/zip/ZipEntry;)Ljava/io/InputStream;+22
j  org.apache.poi.openxml4j.opc.ZipPackagePart.getInputStreamImpl()Ljava/io/InputStream;+14
j  org.apache.poi.openxml4j.opc.PackagePart.getInputStream()Ljava/io/InputStream;+1
j  org.chance.MathMLToLatexUtil.getMath(Lorg/apache/poi/xwpf/usermodel/XWPFRun;Lorg/w3c/dom/Node;)Ljava/lang/String;+169
j  org.chance.MathMLToLatexUtil.test()V+144
j  org.chance.MathMLToLatexUtil.main([Ljava/lang/String;)V+0
v  ~StubRoutines::call_stub

---------------  P R O C E S S  ---------------

Java Threads: ( => current thread )
  0x00007f8e0d816800 JavaThread "Service Thread" daemon [_thread_blocked, id=15363, stack(0x0000700002943000,0x0000700002a43000)]
  0x00007f8e0c839000 JavaThread "C1 CompilerThread2" daemon [_thread_blocked, id=17411, stack(0x0000700002840000,0x0000700002940000)]
  0x00007f8e0d816000 JavaThread "C2 CompilerThread1" daemon [_thread_blocked, id=14851, stack(0x000070000273d000,0x000070000283d000)]
  0x00007f8e0c836000 JavaThread "C2 CompilerThread0" daemon [_thread_blocked, id=14595, stack(0x000070000263a000,0x000070000273a000)]
  0x00007f8e0d02a800 JavaThread "JDWP Command Reader" daemon [_thread_in_native, id=14339, stack(0x0000700002537000,0x0000700002637000)]
  0x00007f8e0d80b000 JavaThread "JDWP Event Helper Thread" daemon [_thread_blocked, id=13827, stack(0x0000700002434000,0x0000700002534000)]
  0x00007f8e0e040800 JavaThread "JDWP Transport Listener: dt_socket" daemon [_thread_blocked, id=18439, stack(0x0000700002331000,0x0000700002431000)]
  0x00007f8e0e003000 JavaThread "Signal Dispatcher" daemon [_thread_blocked, id=13059, stack(0x000070000222e000,0x000070000232e000)]
  0x00007f8e0e027800 JavaThread "Finalizer" daemon [_thread_blocked, id=12035, stack(0x000070000212b000,0x000070000222b000)]
  0x00007f8e0e027000 JavaThread "Reference Handler" daemon [_thread_blocked, id=20483, stack(0x0000700002028000,0x0000700002128000)]
=>0x00007f8e0d801800 JavaThread "main" [_thread_in_native, id=6147, stack(0x0000700001a16000,0x0000700001b16000)]

Other Threads:
  0x00007f8e0c819000 VMThread [stack: 0x0000700001f25000,0x0000700002025000] [id=11523]
  0x00007f8e0d80c800 WatcherThread [stack: 0x0000700002a46000,0x0000700002b46000] [id=16899]

VM state:not at safepoint (normal execution)

VM Mutex/Monitor currently owned by a thread: None

Heap:
 PSYoungGen      total 38400K, used 27477K [0x0000000795580000, 0x0000000798000000, 0x00000007c0000000)
  eden space 33280K, 82% used [0x0000000795580000,0x00000007970556d0,0x0000000797600000)
  from space 5120K, 0% used [0x0000000797b00000,0x0000000797b00000,0x0000000798000000)
  to   space 5120K, 0% used [0x0000000797600000,0x0000000797600000,0x0000000797b00000)
 ParOldGen       total 87552K, used 0K [0x0000000740000000, 0x0000000745580000, 0x0000000795580000)
  object space 87552K, 0% used [0x0000000740000000,0x0000000740000000,0x0000000745580000)
 Metaspace       used 10279K, capacity 10316K, committed 10368K, reserved 1058816K
  class space    used 1125K, capacity 1136K, committed 1152K, reserved 1048576K

Card table byte_map: [0x0000000105409000,0x000000010580a000] byte_map_base: 0x0000000101a09000

Marking Bits: (ParMarkBitMap*) 0x00000001048dee20
 Begin Bits: [0x0000000105ab5000, 0x0000000107ab5000)
 End Bits:   [0x0000000107ab5000, 0x0000000109ab5000)

Polling page: 0x00000001037dc000

CodeCache: size=245760Kb used=1738Kb max_used=1738Kb free=244021Kb
 bounds [0x000000010d89b000, 0x000000010db0b000, 0x000000011c89b000]
 total_blobs=568 nmethods=273 adapters=217
 compilation: enabled

Compilation events (10 events):
Event: 8973.036 Thread 0x00007f8e0c839000 nmethod 273 0x000000010da47550 code [0x000000010da476e0, 0x000000010da47b98]
Event: 8973.036 Thread 0x00007f8e0c839000  269       3       java.lang.Character::charCount (12 bytes)
Event: 8973.037 Thread 0x00007f8e0c836000 nmethod 274 0x000000010d9a46d0 code [0x000000010d9a4820, 0x000000010d9a4898]
Event: 8973.040 Thread 0x00007f8e0d816000 nmethod 258 0x000000010da48a90 code [0x000000010da48c00, 0x000000010da490f8]
Event: 8973.045 Thread 0x00007f8e0c839000 nmethod 269 0x000000010da48710 code [0x000000010da48880, 0x000000010da48a10]
Event: 8973.045 Thread 0x00007f8e0c839000  266       3       java.util.regex.Pattern::isSupplementary (20 bytes)
Event: 8973.045 Thread 0x00007f8e0c839000 nmethod 266 0x000000010da48210 code [0x000000010da48380, 0x000000010da48650]
Event: 8973.045 Thread 0x00007f8e0c839000  272       3       java.util.regex.Pattern$Dot::isSatisfiedBy (34 bytes)
Event: 8973.045 Thread 0x00007f8e0c839000 nmethod 272 0x000000010da47d90 code [0x000000010da47f00, 0x000000010da48170]
Event: 8973.045 Thread 0x00007f8e0c839000  264       3       java.util.regex.Pattern$Single::isSatisfiedBy (14 bytes)

GC Heap History (0 events):
No events

Deoptimization events (0 events):
No events

Internal exceptions (10 events):
Event: 4.444 Thread 0x00007f8e0d801800 Exception <a 'java/security/PrivilegedActionException'> (0x00000007960a2740) thrown at [/Users/java_re/workspace/8-2-build-macosx-x86_64/jdk8u65/4987/hotspot/src/share/vm/prims/jvm.cpp, line 1386]
Event: 4.444 Thread 0x00007f8e0d801800 Exception <a 'java/security/PrivilegedActionException'> (0x00000007960a2b38) thrown at [/Users/java_re/workspace/8-2-build-macosx-x86_64/jdk8u65/4987/hotspot/src/share/vm/prims/jvm.cpp, line 1386]
Event: 4.445 Thread 0x00007f8e0d801800 Exception <a 'java/security/PrivilegedActionException'> (0x00000007960a78e0) thrown at [/Users/java_re/workspace/8-2-build-macosx-x86_64/jdk8u65/4987/hotspot/src/share/vm/prims/jvm.cpp, line 1386]
Event: 4.446 Thread 0x00007f8e0d801800 Exception <a 'java/security/PrivilegedActionException'> (0x00000007960a7cd8) thrown at [/Users/java_re/workspace/8-2-build-macosx-x86_64/jdk8u65/4987/hotspot/src/share/vm/prims/jvm.cpp, line 1386]
Event: 4.448 Thread 0x00007f8e0d801800 Exception <a 'java/security/PrivilegedActionException'> (0x00000007960aca68) thrown at [/Users/java_re/workspace/8-2-build-macosx-x86_64/jdk8u65/4987/hotspot/src/share/vm/prims/jvm.cpp, line 1386]
Event: 4.448 Thread 0x00007f8e0d801800 Exception <a 'java/security/PrivilegedActionException'> (0x00000007960acea0) thrown at [/Users/java_re/workspace/8-2-build-macosx-x86_64/jdk8u65/4987/hotspot/src/share/vm/prims/jvm.cpp, line 1386]
Event: 4.450 Thread 0x00007f8e0d801800 Exception <a 'java/security/PrivilegedActionException'> (0x00000007960b1dc0) thrown at [/Users/java_re/workspace/8-2-build-macosx-x86_64/jdk8u65/4987/hotspot/src/share/vm/prims/jvm.cpp, line 1386]
Event: 4.450 Thread 0x00007f8e0d801800 Exception <a 'java/security/PrivilegedActionException'> (0x00000007960b21b8) thrown at [/Users/java_re/workspace/8-2-build-macosx-x86_64/jdk8u65/4987/hotspot/src/share/vm/prims/jvm.cpp, line 1386]
Event: 4.452 Thread 0x00007f8e0d801800 Exception <a 'java/security/PrivilegedActionException'> (0x00000007960b7018) thrown at [/Users/java_re/workspace/8-2-build-macosx-x86_64/jdk8u65/4987/hotspot/src/share/vm/prims/jvm.cpp, line 1386]
Event: 4.452 Thread 0x00007f8e0d801800 Exception <a 'java/security/PrivilegedActionException'> (0x00000007960b7410) thrown at [/Users/java_re/workspace/8-2-build-macosx-x86_64/jdk8u65/4987/hotspot/src/share/vm/prims/jvm.cpp, line 1386]

Events (10 events):
Event: 8972.360 Executing VM operation: GetOrSetLocal done
Event: 8972.360 Executing VM operation: GetOrSetLocal
Event: 8972.360 Executing VM operation: GetOrSetLocal done
Event: 8972.360 Executing VM operation: GetOrSetLocal
Event: 8972.360 Executing VM operation: GetOrSetLocal done
Event: 8972.360 Executing VM operation: GetOrSetLocal
Event: 8972.360 Executing VM operation: GetOrSetLocal done
Event: 8972.360 Executing VM operation: GetOrSetLocal
Event: 8972.360 Executing VM operation: GetOrSetLocal done
Event: 8973.015 Thread 0x00007f8e0c839000 flushing nmethod 0x000000010d9bf810


Dynamic libraries:
0x00000000081a7000 	/System/Library/Frameworks/Cocoa.framework/Versions/A/Cocoa
0x00000000081a7000 	/System/Library/Frameworks/Security.framework/Versions/A/Security
0x00000000081a7000 	/System/Library/Frameworks/ApplicationServices.framework/Versions/A/ApplicationServices
0x00000000081a7000 	/usr/lib/libz.1.dylib
0x00000000081a7000 	/usr/lib/libSystem.B.dylib
0x00000000081a7000 	/usr/lib/libobjc.A.dylib
0x00000000081a7000 	/System/Library/Frameworks/CoreFoundation.framework/Versions/A/CoreFoundation
0x00000000081a7000 	/System/Library/Frameworks/Foundation.framework/Versions/C/Foundation
0x00000000081a7000 	/System/Library/Frameworks/AppKit.framework/Versions/C/AppKit
0x00000000081a7000 	/System/Library/Frameworks/CoreData.framework/Versions/A/CoreData
0x00000000081a7000 	/System/Library/PrivateFrameworks/RemoteViewServices.framework/Versions/A/RemoteViewServices
0x00000000081a7000 	/System/Library/PrivateFrameworks/UIFoundation.framework/Versions/A/UIFoundation
0x00000000081a7000 	/System/Library/PrivateFrameworks/XCTTargetBootstrap.framework/Versions/A/XCTTargetBootstrap
0x00000000081a7000 	/System/Library/Frameworks/CoreDisplay.framework/Versions/A/CoreDisplay
0x00000000081a7000 	/System/Library/PrivateFrameworks/IconServices.framework/Versions/A/IconServices
0x00000000081a7000 	/System/Library/Frameworks/Metal.framework/Versions/A/Metal
0x00000000081a7000 	/System/Library/PrivateFrameworks/DesktopServicesPriv.framework/Versions/A/DesktopServicesPriv
0x00000000081a7000 	/usr/lib/libenergytrace.dylib
0x00000000081a7000 	/System/Library/PrivateFrameworks/SkyLight.framework/Versions/A/SkyLight
0x00000000081a7000 	/System/Library/Frameworks/CoreGraphics.framework/Versions/A/CoreGraphics
0x00000000081a7000 	/System/Library/Frameworks/Accelerate.framework/Versions/A/Accelerate
0x00000000081a7000 	/System/Library/Frameworks/IOSurface.framework/Versions/A/IOSurface
0x00000000081a7000 	/System/Library/PrivateFrameworks/DFRFoundation.framework/Versions/A/DFRFoundation
0x00000000081a7000 	/System/Library/Frameworks/AudioToolbox.framework/Versions/A/AudioToolbox
0x00000000081a7000 	/System/Library/Frameworks/AudioUnit.framework/Versions/A/AudioUnit
0x00000000081a7000 	/System/Library/PrivateFrameworks/DataDetectorsCore.framework/Versions/A/DataDetectorsCore
0x00000000081a7000 	/System/Library/Frameworks/Carbon.framework/Versions/A/Frameworks/HIToolbox.framework/Versions/A/HIToolbox
0x00000000081a7000 	/usr/lib/libicucore.A.dylib
0x00000000081a7000 	/System/Library/Frameworks/QuartzCore.framework/Versions/A/QuartzCore
0x00000000081a7000 	/System/Library/Frameworks/Carbon.framework/Versions/A/Frameworks/SpeechRecognition.framework/Versions/A/SpeechRecognition
0x00000000081a7000 	/usr/lib/libauto.dylib
0x00000000081a7000 	/usr/lib/libxml2.2.dylib
0x00000000081a7000 	/System/Library/PrivateFrameworks/CoreUI.framework/Versions/A/CoreUI
0x00000000081a7000 	/System/Library/Frameworks/CoreAudio.framework/Versions/A/CoreAudio
0x00000000081a7000 	/System/Library/Frameworks/DiskArbitration.framework/Versions/A/DiskArbitration
0x00000000081a7000 	/usr/lib/liblangid.dylib
0x00000000081a7000 	/System/Library/PrivateFrameworks/MultitouchSupport.framework/Versions/A/MultitouchSupport
0x00000000081a7000 	/System/Library/Frameworks/IOKit.framework/Versions/A/IOKit
0x00000000081a7000 	/usr/lib/libDiagnosticMessagesClient.dylib
0x00000000081a7000 	/System/Library/Frameworks/CoreServices.framework/Versions/A/CoreServices
0x00000000081a7000 	/System/Library/PrivateFrameworks/PerformanceAnalysis.framework/Versions/A/PerformanceAnalysis
0x00000000081a7000 	/System/Library/Frameworks/OpenGL.framework/Versions/A/OpenGL
0x00000000081a7000 	/System/Library/Frameworks/ColorSync.framework/Versions/A/ColorSync
0x00000000081a7000 	/System/Library/Frameworks/CoreImage.framework/Versions/A/CoreImage
0x00000000081a7000 	/System/Library/Frameworks/CoreText.framework/Versions/A/CoreText
0x00000000081a7000 	/System/Library/Frameworks/ImageIO.framework/Versions/A/ImageIO
0x00000000081a7000 	/System/Library/PrivateFrameworks/Backup.framework/Versions/A/Backup
0x00000000081a7000 	/usr/lib/libarchive.2.dylib
0x00000000081a7000 	/System/Library/Frameworks/CFNetwork.framework/Versions/A/CFNetwork
0x00000000081a7000 	/System/Library/Frameworks/SystemConfiguration.framework/Versions/A/SystemConfiguration
0x00000000081a7000 	/usr/lib/libCRFSuite.dylib
0x00000000081a7000 	/usr/lib/libc++.1.dylib
0x00000000081a7000 	/usr/lib/libc++abi.dylib
0x00000000081a7000 	/usr/lib/system/libcache.dylib
0x00000000081a7000 	/usr/lib/system/libcommonCrypto.dylib
0x00000000081a7000 	/usr/lib/system/libcompiler_rt.dylib
0x00000000081a7000 	/usr/lib/system/libcopyfile.dylib
0x00000000081a7000 	/usr/lib/system/libcorecrypto.dylib
0x00000000081a7000 	/usr/lib/system/libdispatch.dylib
0x00000000081a7000 	/usr/lib/system/libdyld.dylib
0x00000000081a7000 	/usr/lib/system/libkeymgr.dylib
0x00000000081a7000 	/usr/lib/system/liblaunch.dylib
0x00000000081a7000 	/usr/lib/system/libmacho.dylib
0x00000000081a7000 	/usr/lib/system/libquarantine.dylib
0x00000000081a7000 	/usr/lib/system/libremovefile.dylib
0x00000000081a7000 	/usr/lib/system/libsystem_asl.dylib
0x00000000081a7000 	/usr/lib/system/libsystem_blocks.dylib
0x00000000081a7000 	/usr/lib/system/libsystem_c.dylib
0x00000000081a7000 	/usr/lib/system/libsystem_configuration.dylib
0x00000000081a7000 	/usr/lib/system/libsystem_coreservices.dylib
0x00000000081a7000 	/usr/lib/system/libsystem_darwin.dylib
0x00000000081a7000 	/usr/lib/system/libsystem_dnssd.dylib
0x00000000081a7000 	/usr/lib/system/libsystem_info.dylib
0x00000000081a7000 	/usr/lib/system/libsystem_m.dylib
0x00000000081a7000 	/usr/lib/system/libsystem_malloc.dylib
0x00000000081a7000 	/usr/lib/system/libsystem_networkextension.dylib
0x00000000081a7000 	/usr/lib/system/libsystem_notify.dylib
0x00000000081a7000 	/usr/lib/system/libsystem_sandbox.dylib
0x00000000081a7000 	/usr/lib/system/libsystem_secinit.dylib
0x00000000081a7000 	/usr/lib/system/libsystem_kernel.dylib
0x00000000081a7000 	/usr/lib/system/libsystem_platform.dylib
0x00000000081a7000 	/usr/lib/system/libsystem_pthread.dylib
0x00000000081a7000 	/usr/lib/system/libsystem_symptoms.dylib
0x00000000081a7000 	/usr/lib/system/libsystem_trace.dylib
0x00000000081a7000 	/usr/lib/system/libunwind.dylib
0x00000000081a7000 	/usr/lib/system/libxpc.dylib
0x00000000081a7000 	/usr/lib/libbsm.0.dylib
0x00000000081a7000 	/usr/lib/system/libkxld.dylib
0x00000000081a7000 	/System/Library/PrivateFrameworks/AppleFSCompression.framework/Versions/A/AppleFSCompression
0x00000000081a7000 	/usr/lib/libOpenScriptingUtil.dylib
0x00000000081a7000 	/usr/lib/libcoretls.dylib
0x00000000081a7000 	/usr/lib/libcoretls_cfhelpers.dylib
0x00000000081a7000 	/usr/lib/libpam.2.dylib
0x00000000081a7000 	/usr/lib/libsqlite3.dylib
0x00000000081a7000 	/usr/lib/libxar.1.dylib
0x00000000081a7000 	/usr/lib/libbz2.1.0.dylib
0x00000000081a7000 	/usr/lib/liblzma.5.dylib
0x00000000081a7000 	/usr/lib/libnetwork.dylib
0x00000000081a7000 	/usr/lib/libapple_nghttp2.dylib
0x00000000081a7000 	/usr/lib/libpcap.A.dylib
0x00000000081a7000 	/System/Library/Frameworks/CoreServices.framework/Versions/A/Frameworks/FSEvents.framework/Versions/A/FSEvents
0x00000000081a7000 	/System/Library/Frameworks/CoreServices.framework/Versions/A/Frameworks/CarbonCore.framework/Versions/A/CarbonCore
0x00000000081a7000 	/System/Library/Frameworks/CoreServices.framework/Versions/A/Frameworks/Metadata.framework/Versions/A/Metadata
0x00000000081a7000 	/System/Library/Frameworks/CoreServices.framework/Versions/A/Frameworks/OSServices.framework/Versions/A/OSServices
0x00000000081a7000 	/System/Library/Frameworks/CoreServices.framework/Versions/A/Frameworks/SearchKit.framework/Versions/A/SearchKit
0x00000000081a7000 	/System/Library/Frameworks/CoreServices.framework/Versions/A/Frameworks/AE.framework/Versions/A/AE
0x00000000081a7000 	/System/Library/Frameworks/CoreServices.framework/Versions/A/Frameworks/LaunchServices.framework/Versions/A/LaunchServices
0x00000000081a7000 	/System/Library/Frameworks/CoreServices.framework/Versions/A/Frameworks/DictionaryServices.framework/Versions/A/DictionaryServices
0x00000000081a7000 	/System/Library/Frameworks/CoreServices.framework/Versions/A/Frameworks/SharedFileList.framework/Versions/A/SharedFileList
0x00000000081a7000 	/System/Library/Frameworks/NetFS.framework/Versions/A/NetFS
0x00000000081a7000 	/System/Library/PrivateFrameworks/NetAuth.framework/Versions/A/NetAuth
0x00000000081a7000 	/System/Library/PrivateFrameworks/login.framework/Versions/A/Frameworks/loginsupport.framework/Versions/A/loginsupport
0x00000000081a7000 	/System/Library/PrivateFrameworks/TCC.framework/Versions/A/TCC
0x00000000081a7000 	/System/Library/PrivateFrameworks/CoreNLP.framework/Versions/A/CoreNLP
0x00000000081a7000 	/System/Library/PrivateFrameworks/MetadataUtilities.framework/Versions/A/MetadataUtilities
0x00000000081a7000 	/usr/lib/libmecabra.dylib
0x00000000081a7000 	/System/Library/Frameworks/ApplicationServices.framework/Versions/A/Frameworks/ATS.framework/Versions/A/ATS
0x00000000081a7000 	/System/Library/Frameworks/ApplicationServices.framework/Versions/A/Frameworks/ColorSyncLegacy.framework/Versions/A/ColorSyncLegacy
0x00000000081a7000 	/System/Library/Frameworks/ApplicationServices.framework/Versions/A/Frameworks/HIServices.framework/Versions/A/HIServices
0x00000000081a7000 	/System/Library/Frameworks/ApplicationServices.framework/Versions/A/Frameworks/LangAnalysis.framework/Versions/A/LangAnalysis
0x00000000081a7000 	/System/Library/Frameworks/ApplicationServices.framework/Versions/A/Frameworks/PrintCore.framework/Versions/A/PrintCore
0x00000000081a7000 	/System/Library/Frameworks/ApplicationServices.framework/Versions/A/Frameworks/QD.framework/Versions/A/QD
0x00000000081a7000 	/System/Library/Frameworks/ApplicationServices.framework/Versions/A/Frameworks/SpeechSynthesis.framework/Versions/A/SpeechSynthesis
0x00000000081a7000 	/usr/lib/libcompression.dylib
0x00000000081a7000 	/System/Library/Frameworks/MetalPerformanceShaders.framework/Versions/A/MetalPerformanceShaders
0x00000000081a7000 	/System/Library/Frameworks/Accelerate.framework/Versions/A/Frameworks/vImage.framework/Versions/A/vImage
0x00000000081a7000 	/System/Library/Frameworks/Accelerate.framework/Versions/A/Frameworks/vecLib.framework/Versions/A/vecLib
0x00000000081a7000 	/System/Library/Frameworks/Accelerate.framework/Versions/A/Frameworks/vecLib.framework/Versions/A/libvMisc.dylib
0x00000000081a7000 	/System/Library/Frameworks/Accelerate.framework/Versions/A/Frameworks/vecLib.framework/Versions/A/libvDSP.dylib
0x00000000081a7000 	/System/Library/Frameworks/Accelerate.framework/Versions/A/Frameworks/vecLib.framework/Versions/A/libBLAS.dylib
0x00000000081a7000 	/System/Library/Frameworks/Accelerate.framework/Versions/A/Frameworks/vecLib.framework/Versions/A/libLAPACK.dylib
0x00000000081a7000 	/System/Library/Frameworks/Accelerate.framework/Versions/A/Frameworks/vecLib.framework/Versions/A/libLinearAlgebra.dylib
0x00000000081a7000 	/System/Library/Frameworks/Accelerate.framework/Versions/A/Frameworks/vecLib.framework/Versions/A/libSparseBLAS.dylib
0x00000000081a7000 	/System/Library/Frameworks/Accelerate.framework/Versions/A/Frameworks/vecLib.framework/Versions/A/libQuadrature.dylib
0x00000000081a7000 	/System/Library/Frameworks/Accelerate.framework/Versions/A/Frameworks/vecLib.framework/Versions/A/libBNNS.dylib
0x00000000081a7000 	/System/Library/Frameworks/Accelerate.framework/Versions/A/Frameworks/vecLib.framework/Versions/A/libSparse.dylib
0x00000000081a7000 	/System/Library/PrivateFrameworks/GPUWrangler.framework/Versions/A/GPUWrangler
0x00000000081a7000 	/System/Library/PrivateFrameworks/IOAccelerator.framework/Versions/A/IOAccelerator
0x00000000081a7000 	/System/Library/PrivateFrameworks/IOPresentment.framework/Versions/A/IOPresentment
0x00000000081a7000 	/System/Library/PrivateFrameworks/DSExternalDisplay.framework/Versions/A/DSExternalDisplay
0x00000000081a7000 	/System/Library/Frameworks/OpenGL.framework/Versions/A/Libraries/libCoreFSCache.dylib
0x00000000081a7000 	/System/Library/Frameworks/MetalPerformanceShaders.framework/Frameworks/MPSCore.framework/Versions/A/MPSCore
0x00000000081a7000 	/System/Library/Frameworks/MetalPerformanceShaders.framework/Frameworks/MPSImage.framework/Versions/A/MPSImage
0x00000000081a7000 	/System/Library/Frameworks/MetalPerformanceShaders.framework/Frameworks/MPSNeuralNetwork.framework/Versions/A/MPSNeuralNetwork
0x00000000081a7000 	/System/Library/Frameworks/MetalPerformanceShaders.framework/Frameworks/MPSMatrix.framework/Versions/A/MPSMatrix
0x00000000081a7000 	/System/Library/Frameworks/MetalPerformanceShaders.framework/Frameworks/MPSRayIntersector.framework/Versions/A/MPSRayIntersector
0x00000000081a7000 	/System/Library/PrivateFrameworks/MetalTools.framework/Versions/A/MetalTools
0x00000000081a7000 	/System/Library/PrivateFrameworks/AggregateDictionary.framework/Versions/A/AggregateDictionary
0x00000000081a7000 	/usr/lib/libMobileGestalt.dylib
0x00000000081a7000 	/System/Library/Frameworks/CoreVideo.framework/Versions/A/CoreVideo
0x00000000081a7000 	/System/Library/PrivateFrameworks/GraphVisualizer.framework/Versions/A/GraphVisualizer
0x00000000081a7000 	/System/Library/PrivateFrameworks/FaceCore.framework/Versions/A/FaceCore
0x00000000081a7000 	/System/Library/Frameworks/OpenCL.framework/Versions/A/OpenCL
0x00000000081a7000 	/usr/lib/libFosl_dynamic.dylib
0x00000000081a7000 	/System/Library/PrivateFrameworks/OTSVG.framework/Versions/A/OTSVG
0x00000000081a7000 	/System/Library/Frameworks/ApplicationServices.framework/Versions/A/Frameworks/ATS.framework/Versions/A/Resources/libFontParser.dylib
0x00000000081a7000 	/System/Library/Frameworks/ApplicationServices.framework/Versions/A/Frameworks/ATS.framework/Versions/A/Resources/libFontRegistry.dylib
0x00000000081a7000 	/System/Library/Frameworks/ImageIO.framework/Versions/A/Resources/libJPEG.dylib
0x00000000081a7000 	/System/Library/Frameworks/ImageIO.framework/Versions/A/Resources/libTIFF.dylib
0x00000000081a7000 	/System/Library/Frameworks/ImageIO.framework/Versions/A/Resources/libPng.dylib
0x00000000081a7000 	/System/Library/Frameworks/ImageIO.framework/Versions/A/Resources/libGIF.dylib
0x00000000081a7000 	/System/Library/Frameworks/ImageIO.framework/Versions/A/Resources/libJP2.dylib
0x00000000081a7000 	/System/Library/Frameworks/ImageIO.framework/Versions/A/Resources/libRadiance.dylib
0x00000000081a7000 	/System/Library/PrivateFrameworks/AppleJPEG.framework/Versions/A/AppleJPEG
0x00000000081a7000 	/System/Library/Frameworks/OpenGL.framework/Versions/A/Libraries/libGFXShared.dylib
0x00000000081a7000 	/System/Library/Frameworks/OpenGL.framework/Versions/A/Libraries/libGLU.dylib
0x00000000081a7000 	/System/Library/Frameworks/OpenGL.framework/Versions/A/Libraries/libGL.dylib
0x00000000081a7000 	/System/Library/Frameworks/OpenGL.framework/Versions/A/Libraries/libGLImage.dylib
0x00000000081a7000 	/System/Library/Frameworks/OpenGL.framework/Versions/A/Libraries/libCVMSPluginSupport.dylib
0x00000000081a7000 	/System/Library/Frameworks/OpenGL.framework/Versions/A/Libraries/libCoreVMClient.dylib
0x00000000081a7000 	/usr/lib/libcups.2.dylib
0x00000000081a7000 	/System/Library/Frameworks/Kerberos.framework/Versions/A/Kerberos
0x00000000081a7000 	/System/Library/Frameworks/GSS.framework/Versions/A/GSS
0x00000000081a7000 	/usr/lib/libresolv.9.dylib
0x00000000081a7000 	/usr/lib/libiconv.2.dylib
0x00000000081a7000 	/System/Library/PrivateFrameworks/Heimdal.framework/Versions/A/Heimdal
0x00000000081a7000 	/usr/lib/libheimdal-asn1.dylib
0x00000000081a7000 	/System/Library/Frameworks/OpenDirectory.framework/Versions/A/OpenDirectory
0x00000000081a7000 	/System/Library/PrivateFrameworks/CommonAuth.framework/Versions/A/CommonAuth
0x00000000081a7000 	/System/Library/Frameworks/OpenDirectory.framework/Versions/A/Frameworks/CFOpenDirectory.framework/Versions/A/CFOpenDirectory
0x00000000081a7000 	/System/Library/Frameworks/SecurityFoundation.framework/Versions/A/SecurityFoundation
0x00000000081a7000 	/System/Library/PrivateFrameworks/APFS.framework/Versions/A/APFS
0x00000000081a7000 	/usr/lib/libutil.dylib
0x00000000081a7000 	/usr/lib/libcharset.1.dylib
0x00000000081a7000 	/System/Library/PrivateFrameworks/AppleSauce.framework/Versions/A/AppleSauce
0x00000000081a7000 	/System/Library/PrivateFrameworks/AssertionServices.framework/Versions/A/AssertionServices
0x00000000081a7000 	/System/Library/PrivateFrameworks/BaseBoard.framework/Versions/A/BaseBoard
0x00000000081a7000 	/usr/lib/libmecab.1.0.0.dylib
0x00000000081a7000 	/usr/lib/libgermantok.dylib
0x00000000081a7000 	/usr/lib/libThaiTokenizer.dylib
0x00000000081a7000 	/usr/lib/libChineseTokenizer.dylib
0x00000000081a7000 	/System/Library/PrivateFrameworks/LanguageModeling.framework/Versions/A/LanguageModeling
0x00000000081a7000 	/System/Library/PrivateFrameworks/CoreEmoji.framework/Versions/A/CoreEmoji
0x00000000081a7000 	/System/Library/PrivateFrameworks/Lexicon.framework/Versions/A/Lexicon
0x00000000081a7000 	/System/Library/PrivateFrameworks/LinguisticData.framework/Versions/A/LinguisticData
0x00000000081a7000 	/usr/lib/libcmph.dylib
0x00000000081a7000 	/System/Library/Frameworks/ServiceManagement.framework/Versions/A/ServiceManagement
0x00000000081a7000 	/System/Library/PrivateFrameworks/BackgroundTaskManagement.framework/Versions/A/BackgroundTaskManagement
0x00000000081a7000 	/usr/lib/libxslt.1.dylib
0x00000000081a7000 	/System/Library/Frameworks/Carbon.framework/Versions/A/Frameworks/Ink.framework/Versions/A/Ink
0x00000000081a7000 	/System/Library/PrivateFrameworks/TextureIO.framework/Versions/A/TextureIO
0x00000000081a7000 	/usr/lib/libate.dylib
0x00000000081a7000 	/System/Library/PrivateFrameworks/CrashReporterSupport.framework/Versions/A/CrashReporterSupport
0x00000000081a7000 	/System/Library/PrivateFrameworks/Sharing.framework/Versions/A/Sharing
0x00000000081a7000 	/System/Library/PrivateFrameworks/AuthKit.framework/Versions/A/AuthKit
0x00000000081a7000 	/System/Library/PrivateFrameworks/Apple80211.framework/Versions/A/Apple80211
0x00000000081a7000 	/System/Library/PrivateFrameworks/CoreUtils.framework/Versions/A/CoreUtils
0x00000000081a7000 	/System/Library/Frameworks/CoreWLAN.framework/Versions/A/CoreWLAN
0x00000000081a7000 	/System/Library/Frameworks/IOBluetooth.framework/Versions/A/IOBluetooth
0x00000000081a7000 	/System/Library/PrivateFrameworks/ProtocolBuffer.framework/Versions/A/ProtocolBuffer
0x00000000081a7000 	/System/Library/PrivateFrameworks/MobileKeyBag.framework/Versions/A/MobileKeyBag
0x00000000081a7000 	/System/Library/PrivateFrameworks/CorePhoneNumbers.framework/Versions/A/CorePhoneNumbers
0x00000000081a7000 	/System/Library/PrivateFrameworks/AppleIDAuthSupport.framework/Versions/A/AppleIDAuthSupport
0x00000000081a7000 	/System/Library/PrivateFrameworks/KeychainCircle.framework/Versions/A/KeychainCircle
0x00000000081a7000 	/System/Library/PrivateFrameworks/ROCKit.framework/Versions/A/ROCKit
0x00000000081a7000 	/System/Library/PrivateFrameworks/CoreWiFi.framework/Versions/A/CoreWiFi
0x00000000081a7000 	/System/Library/Frameworks/CoreBluetooth.framework/Versions/A/CoreBluetooth
0x00000000081a7000 	/System/Library/PrivateFrameworks/DebugSymbols.framework/Versions/A/DebugSymbols
0x00000000081a7000 	/System/Library/PrivateFrameworks/CoreSymbolication.framework/Versions/A/CoreSymbolication
0x00000000081a7000 	/System/Library/PrivateFrameworks/Symbolication.framework/Versions/A/Symbolication
0x00000000081a7000 	/System/Library/PrivateFrameworks/SpeechRecognitionCore.framework/Versions/A/SpeechRecognitionCore
0x00000000081a7000 	/System/Library/CoreServices/Encodings/libSimplifiedChineseConverter.dylib
0x0000000104000000 	/Library/Java/JavaVirtualMachines/jdk1.8.0_65.jdk/Contents/Home/jre/lib/server/libjvm.dylib
0x00000000081a7000 	/usr/lib/libstdc++.6.dylib
0x00000001037ce000 	/Library/Java/JavaVirtualMachines/jdk1.8.0_65.jdk/Contents/Home/jre/lib/libverify.dylib
0x0000000104f89000 	/Library/Java/JavaVirtualMachines/jdk1.8.0_65.jdk/Contents/Home/jre/lib/libjava.dylib
0x0000000104fbe000 	/Library/Java/JavaVirtualMachines/jdk1.8.0_65.jdk/Contents/Home/jre/lib/libjdwp.dylib
0x00000001037dd000 	/Library/Java/JavaVirtualMachines/jdk1.8.0_65.jdk/Contents/Home/jre/lib/libnpt.dylib
0x00000001037ea000 	/Library/Java/JavaVirtualMachines/jdk1.8.0_65.jdk/Contents/Home/jre/lib/libzip.dylib
0x00000000081a7000 	/System/Library/Frameworks/JavaVM.framework/Versions/A/Frameworks/JavaRuntimeSupport.framework/Versions/A/JavaRuntimeSupport
0x00000000081a7000 	/System/Library/Frameworks/JavaVM.framework/Versions/A/Frameworks/JavaNativeFoundation.framework/Versions/A/JavaNativeFoundation
0x00000000081a7000 	/System/Library/Frameworks/JavaVM.framework/Versions/A/JavaVM
0x00000000081a7000 	/System/Library/Frameworks/Carbon.framework/Versions/A/Carbon
0x00000000081a7000 	/System/Library/PrivateFrameworks/JavaLaunching.framework/Versions/A/JavaLaunching
0x00000000081a7000 	/System/Library/Frameworks/Carbon.framework/Versions/A/Frameworks/CommonPanels.framework/Versions/A/CommonPanels
0x00000000081a7000 	/System/Library/Frameworks/Carbon.framework/Versions/A/Frameworks/Help.framework/Versions/A/Help
0x00000000081a7000 	/System/Library/Frameworks/Carbon.framework/Versions/A/Frameworks/ImageCapture.framework/Versions/A/ImageCapture
0x00000000081a7000 	/System/Library/Frameworks/Carbon.framework/Versions/A/Frameworks/OpenScripting.framework/Versions/A/OpenScripting
0x00000000081a7000 	/System/Library/Frameworks/Carbon.framework/Versions/A/Frameworks/Print.framework/Versions/A/Print
0x00000000081a7000 	/System/Library/Frameworks/Carbon.framework/Versions/A/Frameworks/SecurityHI.framework/Versions/A/SecurityHI
0x000000010d3ca000 	/Library/Java/JavaVirtualMachines/jdk1.8.0_65.jdk/Contents/Home/jre/lib/libdt_socket.dylib

VM Arguments:
jvm_args: -agentlib:jdwp=transport=dt_socket,server=n,suspend=y,address=49792 -Dfile.encoding=UTF-8 -Duser.country=CN -Duser.language=zh -Duser.variant 
java_command: org.chance.MathMLToLatexUtil
java_class_path (initial): /Users/gengchao/workspace/helloworld/java-word/build/classes/java/main:/Users/gengchao/workspace/helloworld/java-word/build/resources/main:/Users/gengchao/workspace/helloworld/java-word/lib/fmath-mathml-java-v3.1.jar:/Users/gengchao/.gradle/caches/modules-2/files-2.1/org.apache.poi/poi-scratchpad/3.14/3c775b327fd4d451b6fa8d6111197a2d33d1dc00/poi-scratchpad-3.14.jar:/Users/gengchao/.gradle/caches/modules-2/files-2.1/org.apache.poi/poi-ooxml/3.14/911b3a5562b5dc4c5156d2d5f0f68a83346100d0/poi-ooxml-3.14.jar:/Users/gengchao/.gradle/caches/modules-2/files-2.1/org.apache.poi/poi/3.14/fad7ae6d2e59c59ffdb45f1981500babfa765180/poi-3.14.jar:/Users/gengchao/.m2/repository/commons-codec/commons-codec/1.10/commons-codec-1.10.jar:/Users/gengchao/.m2/repository/dom4j/dom4j/1.6.1/dom4j-1.6.1.jar:/Users/gengchao/.gradle/caches/modules-2/files-2.1/org.jdom/jdom/2.0.2/d06c71e0df0ac4b94deb737718580ccce22d92e8/jdom-2.0.2.jar:/Users/gengchao/.gradle/caches/modules-2/files-2.1/fr.opensagres.xdocreport/xdocreport/1.0.6/311423fcc21e79c9c6520307a8bda20394b66944/xdocreport-1.0.6.jar:/Users/gengchao/.gradle/caches/modules-2/files-2.1/org.apache.poi/poi-ooxml-schemas/3.14/97fe4bfdef7f103bfd9ec63c98ea90469afeec7b/poi-ooxml-schemas-3.14.jar:/Users/gengchao/.gradle/caches/modules-2/files-2.1/org.apache.poi/ooxml-schemas/1.3/8cae398233e86f0cccc0129709b7d0177fbec8f5/ooxml-schemas-1.3.jar:/Users/gengchao/.gradle/caches/modules-2/files-2.1/org.jsoup/jsoup/1.11.3/36da09a8f68484523fa2aaa100399d612b247d67/jsoup-1.11.3.jar:/Users/gengchao/.m2/repository/xml-apis/xml-apis/1.0.b2/xml-apis-1.0.b2.jar:/Users/gengchao/.gradle/caches/modules-2/files-2.1/com.github.virtuald/curvesapi/1.03/6b0977602901464b056959027fdf2396050f9dd2/curvesapi-1.03.jar:/Users/gengchao/.gradle/caches/modules-2/files-2.1/org.apache.xmlbeans/xmlbeans/2.6.0/29e80d2dd51f9dcdef8f9ffaee0d4dc1c9bbfc87/xmlbeans-2.6.0.jar:/Users/gengchao/.m2/repository/stax/stax-api/1.0.1/stax-api-1.0.1.jar
Launcher Type: SUN_STANDARD

Environment Variables:
PATH=/usr/local/bin:/usr/bin:/bin:/usr/sbin:/sbin:/usr/local/go/bin:/Applications/Wireshark.app/Contents/MacOS:/usr/local/gradle-5.4.1/bin:/usr/local/apache-maven-3.3.3/bin:/usr/local/scala-2.11.7/bin:/usr/local/groovy-2.4.5/bin:/usr/local/grails-3.0.9/bin
SHELL=/bin/zsh

Signal Handlers:
SIGSEGV: [libjvm.dylib+0x5a6d31], sa_mask[0]=11111111011111110111111111111111, sa_flags=SA_ONSTACK|SA_RESTART|SA_SIGINFO
SIGBUS: [libjvm.dylib+0x5a6d31], sa_mask[0]=11111111011111110111111111111111, sa_flags=SA_RESTART|SA_SIGINFO
SIGFPE: [libjvm.dylib+0x480a40], sa_mask[0]=11111111011111110111111111111111, sa_flags=SA_RESTART|SA_SIGINFO
SIGPIPE: [libjvm.dylib+0x480a40], sa_mask[0]=11111111011111110111111111111111, sa_flags=SA_RESTART|SA_SIGINFO
SIGXFSZ: [libjvm.dylib+0x480a40], sa_mask[0]=11111111011111110111111111111111, sa_flags=SA_RESTART|SA_SIGINFO
SIGILL: [libjvm.dylib+0x480a40], sa_mask[0]=11111111011111110111111111111111, sa_flags=SA_RESTART|SA_SIGINFO
SIGUSR1: SIG_DFL, sa_mask[0]=00000000000000000000000000000000, sa_flags=none
SIGUSR2: [libjvm.dylib+0x48055e], sa_mask[0]=00100000000000000000000000000000, sa_flags=SA_RESTART|SA_SIGINFO
SIGHUP: [libjvm.dylib+0x47eb35], sa_mask[0]=11111111011111110111111111111111, sa_flags=SA_RESTART|SA_SIGINFO
SIGINT: [libjvm.dylib+0x47eb35], sa_mask[0]=11111111011111110111111111111111, sa_flags=SA_RESTART|SA_SIGINFO
SIGTERM: [libjvm.dylib+0x47eb35], sa_mask[0]=11111111011111110111111111111111, sa_flags=SA_RESTART|SA_SIGINFO
SIGQUIT: [libjvm.dylib+0x47eb35], sa_mask[0]=11111111011111110111111111111111, sa_flags=SA_RESTART|SA_SIGINFO


---------------  S Y S T E M  ---------------

OS:Bsduname:Darwin 18.7.0 Darwin Kernel Version 18.7.0: Tue Aug 20 16:57:14 PDT 2019; root:xnu-4903.271.2~2/RELEASE_X86_64 x86_64
rlimit: STACK 8192k, CORE 0k, NPROC 709, NOFILE 10240, AS infinity
load average:2.62 3.61 3.85

CPU:total 4 (2 cores per cpu, 2 threads per core) family 6 model 61 stepping 4, cmov, cx8, fxsr, mmx, sse, sse2, sse3, ssse3, sse4.1, sse4.2, popcnt, avx, avx2, aes, clmul, erms, 3dnowpref, lzcnt, ht, tsc, tscinvbit, bmi1, bmi2, adx

Memory: 4k page, physical 8388608k(89780k free)

/proc/meminfo:


vm_info: Java HotSpot(TM) 64-Bit Server VM (25.65-b01) for bsd-amd64 JRE (1.8.0_65-b17), built on Oct  6 2015 15:36:46 by "java_re" with gcc 4.2.1 (Based on Apple Inc. build 5658) (LLVM build 2336.11.00)

time: Mon Nov 16 14:12:15 2020
elapsed time: 8973 seconds (0d 2h 29m 33s)

